{
  "RSpec": {
    "coverage": {
      "/home/juancho/code/codigocdmx/muevete_sedesa/app/models/action.rb": [
        1,
        1,
        null,
        1,
        1,
        null,
        1,
        null,
        null,
        1,
        null,
        1,
        1,
        5,
        null,
        null,
        1,
        5,
        null,
        null
      ],
      "/home/juancho/code/codigocdmx/muevete_sedesa/app/models/relationship.rb": [
        1,
        1,
        1,
        1,
        1,
        null
      ],
      "/home/juancho/code/codigocdmx/muevete_sedesa/app/models/friend_relationship.rb": [
        1,
        null,
        1,
        1,
        null,
        1,
        1,
        null,
        null,
        null
      ]
    },
    "timestamp": 1399477508
  }
}
