{
  "RSpec": {
    "coverage": {
      "/Users/ryan/Code/muevete_sedesa/app/controllers/actions_controller.rb": [
        1,
        1,
        0,
        null,
        null,
        null,
        1,
        0,
        null,
        null,
        1,
        0,
        0,
        0,
        0,
        0,
        0,
        0,
        0,
        null,
        null,
        0,
        0,
        0,
        0,
        null,
        null,
        0,
        null,
        null,
        0,
        0,
        null,
        null,
        null,
        0,
        null,
        null,
        1,
        0,
        null,
        null
      ],
      "/Users/ryan/Code/muevete_sedesa/app/controllers/application_controller.rb": [
        1,
        null,
        null,
        1,
        null,
        1,
        0,
        null,
        null,
        1,
        0,
        null,
        null,
        1,
        null,
        1,
        0,
        0,
        null,
        0,
        null,
        null,
        null,
        null
      ],
      "/Users/ryan/Code/muevete_sedesa/spec/controllers/friend_relationships_controller_spec.rb": [
        1,
        null,
        1,
        null,
        null
      ],
      "/Users/ryan/Code/muevete_sedesa/app/controllers/friend_relationships_controller.rb": [
        1,
        1,
        0,
        0,
        0,
        null,
        null,
        1,
        0,
        0,
        0,
        null,
        null
      ],
      "/Users/ryan/Code/muevete_sedesa/spec/controllers/static_pages_controller_spec.rb": [
        1,
        null,
        1,
        null,
        1,
        1,
        1,
        1,
        null,
        null,
        null,
        1,
        1,
        1,
        1,
        null,
        null,
        null,
        null
      ],
      "/Users/ryan/Code/muevete_sedesa/app/controllers/static_pages_controller.rb": [
        1,
        null,
        1,
        null,
        null,
        1,
        null,
        null,
        1,
        null,
        null
      ],
      "/Users/ryan/Code/muevete_sedesa/spec/controllers/users_controller_spec.rb": [
        1,
        null,
        1,
        null,
        1,
        1,
        null,
        null,
        null,
        null,
        null,
        1,
        1,
        null,
        null,
        null,
        null,
        null,
        null
      ],
      "/Users/ryan/Code/muevete_sedesa/app/controllers/users_controller.rb": [
        1,
        1,
        1,
        null,
        1,
        null,
        null,
        1,
        null,
        null,
        1,
        null,
        0,
        null,
        null,
        1,
        null,
        null,
        1,
        null,
        null,
        1,
        0,
        0,
        null,
        0,
        0,
        null,
        null,
        1,
        0,
        0,
        0,
        0,
        null,
        null,
        1,
        1,
        0,
        null,
        null
      ],
      "/Users/ryan/Code/muevete_sedesa/spec/helpers/actions_controller_helper_spec.rb": [
        1,
        null,
        null,
        null,
        null,
        null,
        null,
        null,
        null,
        null,
        null,
        null,
        1,
        1,
        null
      ],
      "/Users/ryan/Code/muevete_sedesa/spec/helpers/friend_relationships_helper_spec.rb": [
        1,
        null,
        null,
        null,
        null,
        null,
        null,
        null,
        null,
        null,
        null,
        null,
        1,
        1,
        null
      ],
      "/Users/ryan/Code/muevete_sedesa/spec/helpers/static_pages_helper_spec.rb": [
        1,
        null,
        null,
        null,
        null,
        null,
        null,
        null,
        null,
        null,
        null,
        null,
        1,
        1,
        null
      ],
      "/Users/ryan/Code/muevete_sedesa/spec/helpers/users_helper_spec.rb": [
        1,
        null,
        null,
        null,
        null,
        null,
        null,
        null,
        null,
        null,
        null,
        null,
        1,
        1,
        null
      ],
      "/Users/ryan/Code/muevete_sedesa/spec/models/action_spec.rb": [
        1,
        null,
        1,
        null,
        1,
        12,
        null,
        null,
        12,
        null,
        2,
        2,
        2,
        2,
        null,
        2,
        null,
        null,
        2,
        null,
        2,
        null,
        null,
        null,
        2,
        null,
        1,
        2,
        2,
        null,
        null,
        1,
        2,
        null,
        1,
        1,
        1,
        1,
        null,
        null,
        null,
        2,
        2,
        null,
        null,
        1,
        1,
        2,
        null,
        null,
        1,
        1,
        1,
        1,
        null,
        2,
        null,
        null,
        1,
        1,
        1,
        1,
        null,
        2,
        null,
        null,
        null,
        null
      ],
      "/Users/ryan/Code/muevete_sedesa/app/models/action.rb": [
        1,
        1,
        null,
        1,
        1,
        null,
        1,
        null,
        null,
        1,
        null,
        1,
        1,
        17,
        null,
        null,
        1,
        17,
        null,
        null
      ],
      "/Users/ryan/Code/muevete_sedesa/spec/models/badge_relationship_spec.rb": [
        1,
        null,
        1,
        null,
        1,
        2,
        2,
        null,
        2,
        null,
        2,
        null,
        null
      ],
      "/Users/ryan/Code/muevete_sedesa/app/models/badge_relationship.rb": [
        1,
        1,
        1,
        null,
        1,
        1,
        null
      ],
      "/Users/ryan/Code/muevete_sedesa/spec/models/badge_spec.rb": [
        1,
        null,
        1,
        1,
        4,
        null,
        null,
        5,
        null,
        2,
        2,
        2,
        null,
        2,
        null,
        null,
        null
      ],
      "/Users/ryan/Code/muevete_sedesa/app/models/badge.rb": [
        1,
        null,
        1,
        null
      ],
      "/Users/ryan/Code/muevete_sedesa/spec/models/friend_relationship_spec.rb": [
        1,
        null,
        1,
        null,
        8,
        8,
        8,
        null,
        8,
        null,
        2,
        null,
        1,
        2,
        2,
        2,
        2,
        null,
        null,
        1,
        2,
        2,
        null,
        null,
        1,
        2,
        2,
        null,
        null,
        null
      ],
      "/Users/ryan/Code/muevete_sedesa/app/models/friend_relationship.rb": [
        1,
        null,
        1,
        1,
        null,
        1,
        1,
        null,
        null,
        null
      ],
      "/Users/ryan/Code/muevete_sedesa/spec/models/relationship_spec.rb": [
        1,
        null,
        1,
        null,
        8,
        8,
        null,
        8,
        null,
        8,
        null,
        2,
        null,
        1,
        2,
        2,
        2,
        2,
        null,
        null,
        1,
        2,
        2,
        null,
        null,
        1,
        2,
        2,
        null,
        null,
        null
      ],
      "/Users/ryan/Code/muevete_sedesa/app/models/relationship.rb": [
        1,
        1,
        1,
        1,
        1,
        null
      ],
      "/Users/ryan/Code/muevete_sedesa/spec/models/settings_spec.rb": [
        1,
        null,
        1,
        null,
        1,
        null,
        13,
        null,
        4,
        null,
        1,
        null,
        3,
        3,
        null,
        null,
        3,
        3,
        null,
        null,
        3,
        3,
        6,
        null,
        12,
        12,
        null,
        6,
        6,
        null,
        null,
        6,
        6,
        null,
        null,
        null,
        null,
        null,
        null,
        null,
        null,
        null,
        null
      ],
      "/Users/ryan/Code/muevete_sedesa/spec/models/user_spec.rb": [
        1,
        null,
        1,
        null,
        null,
        1,
        29,
        null,
        null,
        null,
        29,
        null,
        2,
        2,
        2,
        2,
        null,
        2,
        2,
        2,
        2,
        null,
        2,
        2,
        null,
        2,
        null,
        2,
        2,
        2,
        2,
        2,
        2,
        null,
        1,
        3,
        1,
        2,
        2,
        null,
        null,
        2,
        2,
        null,
        null,
        1,
        4,
        null,
        1,
        3,
        3,
        3,
        3,
        null,
        null,
        null,
        2,
        2,
        null,
        1,
        null,
        2,
        null,
        null,
        null,
        null,
        1,
        8,
        1,
        7,
        7,
        null,
        null,
        2,
        2,
        null,
        1,
        3,
        2,
        2,
        null,
        null,
        2,
        2,
        null,
        1,
        2,
        2,
        null,
        null,
        null,
        null,
        null
      ],
      "/Users/ryan/Code/muevete_sedesa/spec/requests/static_pages_spec.rb": [
        1,
        null,
        1,
        null,
        1,
        null,
        1,
        null,
        1,
        1,
        1,
        null,
        null,
        1,
        1,
        1,
        null,
        null,
        1,
        1,
        1,
        null,
        null,
        null,
        1,
        1,
        1,
        null,
        null,
        null,
        null,
        1,
        1,
        1,
        1,
        null,
        null,
        1,
        1,
        1,
        null,
        null,
        null,
        1,
        1,
        1,
        1,
        null,
        null,
        1,
        1,
        1,
        null,
        null,
        null
      ],
      "/Users/ryan/Code/muevete_sedesa/spec/views/actions_controller/show.html.haml_spec.rb": [
        1,
        null,
        1,
        1,
        null
      ],
      "/Users/ryan/Code/muevete_sedesa/spec/views/static_pages/help.html.haml_spec.rb": [
        1,
        null,
        1,
        1,
        null
      ],
      "/Users/ryan/Code/muevete_sedesa/spec/views/static_pages/index.html.haml_spec.rb": [
        1,
        null,
        1,
        1,
        null
      ],
      "/Users/ryan/Code/muevete_sedesa/spec/views/users/index.html.haml_spec.rb": [
        1,
        null,
        1,
        1,
        null
      ],
      "/Users/ryan/Code/muevete_sedesa/spec/views/users/show.html.haml_spec.rb": [
        1,
        null,
        1,
        1,
        null
      ]
    },
    "timestamp": 1398444762
  }
}
